This is pdfTeX, Version 3.14159265-2.6-1.40.16 (TeX Live 2015/Debian) (preloaded format=pdflatex 2018.2.16)  13 MAR 2018 22:30
entering extended mode
 restricted \write18 enabled.
 %&-line parsing enabled.
**/home/himanshu/Documents/rag/Rudolf/Synopsis/sections/front.tex
(/home/himanshu/Documents/rag/Rudolf/Synopsis/sections/front.tex
LaTeX2e <2016/02/01>
Babel <3.9q> and hyphenation patterns for 81 language(s) loaded.

! LaTeX Error: Environment titlepage undefined.

See the LaTeX manual or LaTeX Companion for explanation.
Type  H <return>  for immediate help.
 ...                                              
                                                  
l.6 \begin{titlepage}
                      % Suppresses displaying the page number on the title p...
 
Here is how much of TeX's memory you used:
 8 strings out of 493029
 435 string characters out of 6136234
 53217 words of memory out of 5000000
 3642 multiletter control sequences out of 15000+600000
 3640 words of font info for 14 fonts, out of 8000000 for 9000
 1141 hyphenation exceptions out of 8191
 5i,0n,4p,192b,16s stack positions out of 5000i,500n,10000p,200000b,80000s
!  ==> Fatal error occurred, no output PDF file produced!
