This is pdfTeX, Version 3.14159265-2.6-1.40.16 (TeX Live 2015/Debian) (preloaded format=pdflatex 2018.2.16)  28 MAY 2018 15:53
entering extended mode
 restricted \write18 enabled.
 %&-line parsing enabled.
**main.tex
(./main.tex
LaTeX2e <2016/02/01>
Babel <3.9q> and hyphenation patterns for 81 language(s) loaded.
(/usr/share/texlive/texmf-dist/tex/latex/base/report.cls
Document Class: report 2014/09/29 v1.4h Standard LaTeX document class
(/usr/share/texlive/texmf-dist/tex/latex/base/size12.clo
File: size12.clo 2014/09/29 v1.4h Standard LaTeX file (size option)
)
\c@part=\count79
\c@chapter=\count80
\c@section=\count81
\c@subsection=\count82
\c@subsubsection=\count83
\c@paragraph=\count84
\c@subparagraph=\count85
\c@figure=\count86
\c@table=\count87
\abovecaptionskip=\skip41
\belowcaptionskip=\skip42
\bibindent=\dimen102
)
(/usr/share/texlive/texmf-dist/tex/latex/base/inputenc.sty
Package: inputenc 2015/03/17 v1.2c Input encoding file
\inpenc@prehook=\toks14
\inpenc@posthook=\toks15

(/usr/share/texlive/texmf-dist/tex/latex/base/utf8.def
File: utf8.def 2015/12/03 v1.1r UTF-8 support for inputenc
Now handling font encoding OML ...
... no UTF-8 mapping file for font encoding OML
Now handling font encoding T1 ...
... processing UTF-8 mapping file for font encoding T1

(/usr/share/texlive/texmf-dist/tex/latex/base/t1enc.dfu
File: t1enc.dfu 2015/12/03 v1.1r UTF-8 support for inputenc
   defining Unicode char U+00A0 (decimal 160)
   defining Unicode char U+00A1 (decimal 161)
   defining Unicode char U+00A3 (decimal 163)
   defining Unicode char U+00AB (decimal 171)
   defining Unicode char U+00AD (decimal 173)
   defining Unicode char U+00BB (decimal 187)
   defining Unicode char U+00BF (decimal 191)
   defining Unicode char U+00C0 (decimal 192)
   defining Unicode char U+00C1 (decimal 193)
   defining Unicode char U+00C2 (decimal 194)
   defining Unicode char U+00C3 (decimal 195)
   defining Unicode char U+00C4 (decimal 196)
   defining Unicode char U+00C5 (decimal 197)
   defining Unicode char U+00C6 (decimal 198)
   defining Unicode char U+00C7 (decimal 199)
   defining Unicode char U+00C8 (decimal 200)
   defining Unicode char U+00C9 (decimal 201)
   defining Unicode char U+00CA (decimal 202)
   defining Unicode char U+00CB (decimal 203)
   defining Unicode char U+00CC (decimal 204)
   defining Unicode char U+00CD (decimal 205)
   defining Unicode char U+00CE (decimal 206)
   defining Unicode char U+00CF (decimal 207)
   defining Unicode char U+00D0 (decimal 208)
   defining Unicode char U+00D1 (decimal 209)
   defining Unicode char U+00D2 (decimal 210)
   defining Unicode char U+00D3 (decimal 211)
   defining Unicode char U+00D4 (decimal 212)
   defining Unicode char U+00D5 (decimal 213)
   defining Unicode char U+00D6 (decimal 214)
   defining Unicode char U+00D8 (decimal 216)
   defining Unicode char U+00D9 (decimal 217)
   defining Unicode char U+00DA (decimal 218)
   defining Unicode char U+00DB (decimal 219)
   defining Unicode char U+00DC (decimal 220)
   defining Unicode char U+00DD (decimal 221)
   defining Unicode char U+00DE (decimal 222)
   defining Unicode char U+00DF (decimal 223)
   defining Unicode char U+00E0 (decimal 224)
   defining Unicode char U+00E1 (decimal 225)
   defining Unicode char U+00E2 (decimal 226)
   defining Unicode char U+00E3 (decimal 227)
   defining Unicode char U+00E4 (decimal 228)
   defining Unicode char U+00E5 (decimal 229)
   defining Unicode char U+00E6 (decimal 230)
   defining Unicode char U+00E7 (decimal 231)
   defining Unicode char U+00E8 (decimal 232)
   defining Unicode char U+00E9 (decimal 233)
   defining Unicode char U+00EA (decimal 234)
   defining Unicode char U+00EB (decimal 235)
   defining Unicode char U+00EC (decimal 236)
   defining Unicode char U+00ED (decimal 237)
   defining Unicode char U+00EE (decimal 238)
   defining Unicode char U+00EF (decimal 239)
   defining Unicode char U+00F0 (decimal 240)
   defining Unicode char U+00F1 (decimal 241)
   defining Unicode char U+00F2 (decimal 242)
   defining Unicode char U+00F3 (decimal 243)
   defining Unicode char U+00F4 (decimal 244)
   defining Unicode char U+00F5 (decimal 245)
   defining Unicode char U+00F6 (decimal 246)
   defining Unicode char U+00F8 (decimal 248)
   defining Unicode char U+00F9 (decimal 249)
   defining Unicode char U+00FA (decimal 250)
   defining Unicode char U+00FB (decimal 251)
   defining Unicode char U+00FC (decimal 252)
   defining Unicode char U+00FD (decimal 253)
   defining Unicode char U+00FE (decimal 254)
   defining Unicode char U+00FF (decimal 255)
   defining Unicode char U+0100 (decimal 256)
   defining Unicode char U+0101 (decimal 257)
   defining Unicode char U+0102 (decimal 258)
   defining Unicode char U+0103 (decimal 259)
   defining Unicode char U+0104 (decimal 260)
   defining Unicode char U+0105 (decimal 261)
   defining Unicode char U+0106 (decimal 262)
   defining Unicode char U+0107 (decimal 263)
   defining Unicode char U+0108 (decimal 264)
   defining Unicode char U+0109 (decimal 265)
   defining Unicode char U+010A (decimal 266)
   defining Unicode char U+010B (decimal 267)
   defining Unicode char U+010C (decimal 268)
   defining Unicode char U+010D (decimal 269)
   defining Unicode char U+010E (decimal 270)
   defining Unicode char U+010F (decimal 271)
   defining Unicode char U+0110 (decimal 272)
   defining Unicode char U+0111 (decimal 273)
   defining Unicode char U+0112 (decimal 274)
   defining Unicode char U+0113 (decimal 275)
   defining Unicode char U+0114 (decimal 276)
   defining Unicode char U+0115 (decimal 277)
   defining Unicode char U+0116 (decimal 278)
   defining Unicode char U+0117 (decimal 279)
   defining Unicode char U+0118 (decimal 280)
   defining Unicode char U+0119 (decimal 281)
   defining Unicode char U+011A (decimal 282)
   defining Unicode char U+011B (decimal 283)
   defining Unicode char U+011C (decimal 284)
   defining Unicode char U+011D (decimal 285)
   defining Unicode char U+011E (decimal 286)
   defining Unicode char U+011F (decimal 287)
   defining Unicode char U+0120 (decimal 288)
   defining Unicode char U+0121 (decimal 289)
   defining Unicode char U+0122 (decimal 290)
   defining Unicode char U+0123 (decimal 291)
   defining Unicode char U+0124 (decimal 292)
   defining Unicode char U+0125 (decimal 293)
   defining Unicode char U+0128 (decimal 296)
   defining Unicode char U+0129 (decimal 297)
   defining Unicode char U+012A (decimal 298)
   defining Unicode char U+012B (decimal 299)
   defining Unicode char U+012C (decimal 300)
   defining Unicode char U+012D (decimal 301)
   defining Unicode char U+012E (decimal 302)
   defining Unicode char U+012F (decimal 303)
   defining Unicode char U+0130 (decimal 304)
   defining Unicode char U+0131 (decimal 305)
   defining Unicode char U+0132 (decimal 306)
   defining Unicode char U+0133 (decimal 307)
   defining Unicode char U+0134 (decimal 308)
   defining Unicode char U+0135 (decimal 309)
   defining Unicode char U+0136 (decimal 310)
   defining Unicode char U+0137 (decimal 311)
   defining Unicode char U+0139 (decimal 313)
   defining Unicode char U+013A (decimal 314)
   defining Unicode char U+013B (decimal 315)
   defining Unicode char U+013C (decimal 316)
   defining Unicode char U+013D (decimal 317)
   defining Unicode char U+013E (decimal 318)
   defining Unicode char U+0141 (decimal 321)
   defining Unicode char U+0142 (decimal 322)
   defining Unicode char U+0143 (decimal 323)
   defining Unicode char U+0144 (decimal 324)
   defining Unicode char U+0145 (decimal 325)
   defining Unicode char U+0146 (decimal 326)
   defining Unicode char U+0147 (decimal 327)
   defining Unicode char U+0148 (decimal 328)
   defining Unicode char U+014A (decimal 330)
   defining Unicode char U+014B (decimal 331)
   defining Unicode char U+014C (decimal 332)
   defining Unicode char U+014D (decimal 333)
   defining Unicode char U+014E (decimal 334)
   defining Unicode char U+014F (decimal 335)
   defining Unicode char U+0150 (decimal 336)
   defining Unicode char U+0151 (decimal 337)
   defining Unicode char U+0152 (decimal 338)
   defining Unicode char U+0153 (decimal 339)
   defining Unicode char U+0154 (decimal 340)
   defining Unicode char U+0155 (decimal 341)
   defining Unicode char U+0156 (decimal 342)
   defining Unicode char U+0157 (decimal 343)
   defining Unicode char U+0158 (decimal 344)
   defining Unicode char U+0159 (decimal 345)
   defining Unicode char U+015A (decimal 346)
   defining Unicode char U+015B (decimal 347)
   defining Unicode char U+015C (decimal 348)
   defining Unicode char U+015D (decimal 349)
   defining Unicode char U+015E (decimal 350)
   defining Unicode char U+015F (decimal 351)
   defining Unicode char U+0160 (decimal 352)
   defining Unicode char U+0161 (decimal 353)
   defining Unicode char U+0162 (decimal 354)
   defining Unicode char U+0163 (decimal 355)
   defining Unicode char U+0164 (decimal 356)
   defining Unicode char U+0165 (decimal 357)
   defining Unicode char U+0168 (decimal 360)
   defining Unicode char U+0169 (decimal 361)
   defining Unicode char U+016A (decimal 362)
   defining Unicode char U+016B (decimal 363)
   defining Unicode char U+016C (decimal 364)
   defining Unicode char U+016D (decimal 365)
   defining Unicode char U+016E (decimal 366)
   defining Unicode char U+016F (decimal 367)
   defining Unicode char U+0170 (decimal 368)
   defining Unicode char U+0171 (decimal 369)
   defining Unicode char U+0172 (decimal 370)
   defining Unicode char U+0173 (decimal 371)
   defining Unicode char U+0174 (decimal 372)
   defining Unicode char U+0175 (decimal 373)
   defining Unicode char U+0176 (decimal 374)
   defining Unicode char U+0177 (decimal 375)
   defining Unicode char U+0178 (decimal 376)
   defining Unicode char U+0179 (decimal 377)
   defining Unicode char U+017A (decimal 378)
   defining Unicode char U+017B (decimal 379)
   defining Unicode char U+017C (decimal 380)
   defining Unicode char U+017D (decimal 381)
   defining Unicode char U+017E (decimal 382)
   defining Unicode char U+01CD (decimal 461)
   defining Unicode char U+01CE (decimal 462)
   defining Unicode char U+01CF (decimal 463)
   defining Unicode char U+01D0 (decimal 464)
   defining Unicode char U+01D1 (decimal 465)
   defining Unicode char U+01D2 (decimal 466)
   defining Unicode char U+01D3 (decimal 467)
   defining Unicode char U+01D4 (decimal 468)
   defining Unicode char U+01E2 (decimal 482)
   defining Unicode char U+01E3 (decimal 483)
   defining Unicode char U+01E6 (decimal 486)
   defining Unicode char U+01E7 (decimal 487)
   defining Unicode char U+01E8 (decimal 488)
   defining Unicode char U+01E9 (decimal 489)
   defining Unicode char U+01EA (decimal 490)
   defining Unicode char U+01EB (decimal 491)
   defining Unicode char U+01F0 (decimal 496)
   defining Unicode char U+01F4 (decimal 500)
   defining Unicode char U+01F5 (decimal 501)
   defining Unicode char U+0218 (decimal 536)
   defining Unicode char U+0219 (decimal 537)
   defining Unicode char U+021A (decimal 538)
   defining Unicode char U+021B (decimal 539)
   defining Unicode char U+01E02 (decimal 7682)
   defining Unicode char U+01E03 (decimal 7683)
   defining Unicode char U+200C (decimal 8204)
   defining Unicode char U+2013 (decimal 8211)
   defining Unicode char U+2014 (decimal 8212)
   defining Unicode char U+2018 (decimal 8216)
   defining Unicode char U+2019 (decimal 8217)
   defining Unicode char U+201A (decimal 8218)
   defining Unicode char U+201C (decimal 8220)
   defining Unicode char U+201D (decimal 8221)
   defining Unicode char U+201E (decimal 8222)
   defining Unicode char U+2030 (decimal 8240)
   defining Unicode char U+2031 (decimal 8241)
   defining Unicode char U+2039 (decimal 8249)
   defining Unicode char U+203A (decimal 8250)
   defining Unicode char U+2423 (decimal 9251)
)
Now handling font encoding OT1 ...
... processing UTF-8 mapping file for font encoding OT1

(/usr/share/texlive/texmf-dist/tex/latex/base/ot1enc.dfu
File: ot1enc.dfu 2015/12/03 v1.1r UTF-8 support for inputenc
   defining Unicode char U+00A0 (decimal 160)
   defining Unicode char U+00A1 (decimal 161)
   defining Unicode char U+00A3 (decimal 163)
   defining Unicode char U+00AD (decimal 173)
   defining Unicode char U+00B8 (decimal 184)
   defining Unicode char U+00BF (decimal 191)
   defining Unicode char U+00C5 (decimal 197)
   defining Unicode char U+00C6 (decimal 198)
   defining Unicode char U+00D8 (decimal 216)
   defining Unicode char U+00DF (decimal 223)
   defining Unicode char U+00E6 (decimal 230)
   defining Unicode char U+00EC (decimal 236)
   defining Unicode char U+00ED (decimal 237)
   defining Unicode char U+00EE (decimal 238)
   defining Unicode char U+00EF (decimal 239)
   defining Unicode char U+00F8 (decimal 248)
   defining Unicode char U+0131 (decimal 305)
   defining Unicode char U+0141 (decimal 321)
   defining Unicode char U+0142 (decimal 322)
   defining Unicode char U+0152 (decimal 338)
   defining Unicode char U+0153 (decimal 339)
   defining Unicode char U+0174 (decimal 372)
   defining Unicode char U+0175 (decimal 373)
   defining Unicode char U+0176 (decimal 374)
   defining Unicode char U+0177 (decimal 375)
   defining Unicode char U+0218 (decimal 536)
   defining Unicode char U+0219 (decimal 537)
   defining Unicode char U+021A (decimal 538)
   defining Unicode char U+021B (decimal 539)
   defining Unicode char U+2013 (decimal 8211)
   defining Unicode char U+2014 (decimal 8212)
   defining Unicode char U+2018 (decimal 8216)
   defining Unicode char U+2019 (decimal 8217)
   defining Unicode char U+201C (decimal 8220)
   defining Unicode char U+201D (decimal 8221)
)
Now handling font encoding OMS ...
... processing UTF-8 mapping file for font encoding OMS

(/usr/share/texlive/texmf-dist/tex/latex/base/omsenc.dfu
File: omsenc.dfu 2015/12/03 v1.1r UTF-8 support for inputenc
   defining Unicode char U+00A7 (decimal 167)
   defining Unicode char U+00B6 (decimal 182)
   defining Unicode char U+00B7 (decimal 183)
   defining Unicode char U+2020 (decimal 8224)
   defining Unicode char U+2021 (decimal 8225)
   defining Unicode char U+2022 (decimal 8226)
)
Now handling font encoding OMX ...
... no UTF-8 mapping file for font encoding OMX
Now handling font encoding U ...
... no UTF-8 mapping file for font encoding U
   defining Unicode char U+00A9 (decimal 169)
   defining Unicode char U+00AA (decimal 170)
   defining Unicode char U+00AE (decimal 174)
   defining Unicode char U+00BA (decimal 186)
   defining Unicode char U+02C6 (decimal 710)
   defining Unicode char U+02DC (decimal 732)
   defining Unicode char U+200C (decimal 8204)
   defining Unicode char U+2026 (decimal 8230)
   defining Unicode char U+2122 (decimal 8482)
   defining Unicode char U+2423 (decimal 9251)
))
(/usr/share/texlive/texmf-dist/tex/latex/base/fontenc.sty
Package: fontenc 2005/09/27 v1.99g Standard LaTeX package

(/usr/share/texlive/texmf-dist/tex/latex/base/t1enc.def
File: t1enc.def 2005/09/27 v1.99g Standard LaTeX file
LaTeX Font Info:    Redeclaring font encoding T1 on input line 48.
))
(/usr/share/texlive/texmf-dist/tex/latex/geometry/geometry.sty
Package: geometry 2010/09/12 v5.6 Page Geometry

(/usr/share/texlive/texmf-dist/tex/latex/graphics/keyval.sty
Package: keyval 2014/10/28 v1.15 key=value parser (DPC)
\KV@toks@=\toks16
)
(/usr/share/texlive/texmf-dist/tex/generic/oberdiek/ifpdf.sty
Package: ifpdf 2011/01/30 v2.3 Provides the ifpdf switch (HO)
Package ifpdf Info: pdfTeX in PDF mode is detected.
)
(/usr/share/texlive/texmf-dist/tex/generic/oberdiek/ifvtex.sty
Package: ifvtex 2010/03/01 v1.5 Detect VTeX and its facilities (HO)
Package ifvtex Info: VTeX not detected.
)
(/usr/share/texlive/texmf-dist/tex/generic/ifxetex/ifxetex.sty
Package: ifxetex 2010/09/12 v0.6 Provides ifxetex conditional
)
\Gm@cnth=\count88
\Gm@cntv=\count89
\c@Gm@tempcnt=\count90
\Gm@bindingoffset=\dimen103
\Gm@wd@mp=\dimen104
\Gm@odd@mp=\dimen105
\Gm@even@mp=\dimen106
\Gm@layoutwidth=\dimen107
\Gm@layoutheight=\dimen108
\Gm@layouthoffset=\dimen109
\Gm@layoutvoffset=\dimen110
\Gm@dimlist=\toks17
)
(/usr/share/texlive/texmf-dist/tex/latex/psnfss/mathpazo.sty
Package: mathpazo 2005/04/12 PSNFSS-v9.2a Palatino w/ Pazo Math (D.Puga, WaS) 
\symupright=\mathgroup4
)
(/usr/share/texlive/texmf-dist/tex/latex/graphics/graphicx.sty
Package: graphicx 2014/10/28 v1.0g Enhanced LaTeX Graphics (DPC,SPQR)

(/usr/share/texlive/texmf-dist/tex/latex/graphics/graphics.sty
Package: graphics 2016/01/03 v1.0q Standard LaTeX Graphics (DPC,SPQR)

(/usr/share/texlive/texmf-dist/tex/latex/graphics/trig.sty
Package: trig 2016/01/03 v1.10 sin cos tan (DPC)
)
(/usr/share/texlive/texmf-dist/tex/latex/latexconfig/graphics.cfg
File: graphics.cfg 2010/04/23 v1.9 graphics configuration of TeX Live
)
Package graphics Info: Driver file: pdftex.def on input line 95.

(/usr/share/texlive/texmf-dist/tex/latex/pdftex-def/pdftex.def
File: pdftex.def 2011/05/27 v0.06d Graphics/color for pdfTeX

(/usr/share/texlive/texmf-dist/tex/generic/oberdiek/infwarerr.sty
Package: infwarerr 2010/04/08 v1.3 Providing info/warning/error messages (HO)
)
(/usr/share/texlive/texmf-dist/tex/generic/oberdiek/ltxcmds.sty
Package: ltxcmds 2011/11/09 v1.22 LaTeX kernel commands for general use (HO)
)
\Gread@gobject=\count91
))
\Gin@req@height=\dimen111
\Gin@req@width=\dimen112
)
(/usr/share/texlive/texmf-dist/tex/latex/sectsty/sectsty.sty
Package: sectsty 2002/02/25 v2.0.2 Commands to change all sectional heading sty
les
)
(/usr/share/texlive/texmf-dist/tex/latex/epigraph/epigraph.sty
Package: epigraph 2009/09/02 v1.5c typesetting epigraphs
\beforeepigraphskip=\skip43
\afterepigraphskip=\skip44
\epigraphwidth=\skip45
\epigraphrule=\skip46
)
(/usr/share/texlive/texmf-dist/tex/latex/tools/indentfirst.sty
Package: indentfirst 1995/11/23 v1.03 Indent first paragraph (DPC)
)
(/usr/share/texlive/texmf-dist/tex/latex/float/float.sty
Package: float 2001/11/08 v1.3d Float enhancements (AL)
\c@float@type=\count92
\float@exts=\toks18
\float@box=\box26
\@float@everytoks=\toks19
\@floatcapt=\box27
)
(/usr/share/texlive/texmf-dist/tex/latex/titlesec/titlesec.sty
Package: titlesec 2016/03/15 v2.10.1 Sectioning titles
\ttl@box=\box28
\beforetitleunit=\skip47
\aftertitleunit=\skip48
\ttl@plus=\dimen113
\ttl@minus=\dimen114
\ttl@toksa=\toks20
\titlewidth=\dimen115
\titlewidthlast=\dimen116
\titlewidthfirst=\dimen117

(/usr/share/texlive/texmf-dist/tex/latex/titlesec/ttlps.def
File: ttlps.def 2016/03/15
))
(/usr/share/texlive/texmf-dist/tex/latex/setspace/setspace.sty
Package: setspace 2011/12/19 v6.7a set line spacing
)
(/usr/share/texlive/texmf-dist/tex/latex/tocbibind/tocbibind.sty
Package: tocbibind 2010/10/13 v1.5k extra ToC listings
Package tocbibind Info: The document has chapter divisions on input line 50.


Package tocbibind Note: Using chapter style headings, unless overridden.

) (/usr/share/texlive/texmf-dist/tex/latex/listings/listings.sty
\lst@mode=\count93
\lst@gtempboxa=\box29
\lst@token=\toks21
\lst@length=\count94
\lst@currlwidth=\dimen118
\lst@column=\count95
\lst@pos=\count96
\lst@lostspace=\dimen119
\lst@width=\dimen120
\lst@newlines=\count97
\lst@lineno=\count98
\lst@maxwidth=\dimen121

(/usr/share/texlive/texmf-dist/tex/latex/listings/lstmisc.sty
File: lstmisc.sty 2015/06/04 1.6 (Carsten Heinz)
\c@lstnumber=\count99
\lst@skipnumbers=\count100
\lst@framebox=\box30
)
(/usr/share/texlive/texmf-dist/tex/latex/listings/listings.cfg
File: listings.cfg 2015/06/04 1.6 listings configuration
))
Package: listings 2015/06/04 1.6 (Carsten Heinz)

(/usr/share/texlive/texmf-dist/tex/latex/hyperref/hyperref.sty
Package: hyperref 2012/11/06 v6.83m Hypertext links for LaTeX

(/usr/share/texlive/texmf-dist/tex/generic/oberdiek/hobsub-hyperref.sty
Package: hobsub-hyperref 2012/05/28 v1.13 Bundle oberdiek, subset hyperref (HO)


(/usr/share/texlive/texmf-dist/tex/generic/oberdiek/hobsub-generic.sty
Package: hobsub-generic 2012/05/28 v1.13 Bundle oberdiek, subset generic (HO)
Package: hobsub 2012/05/28 v1.13 Construct package bundles (HO)
Package hobsub Info: Skipping package `infwarerr' (already loaded).
Package hobsub Info: Skipping package `ltxcmds' (already loaded).
Package: ifluatex 2010/03/01 v1.3 Provides the ifluatex switch (HO)
Package ifluatex Info: LuaTeX not detected.
Package hobsub Info: Skipping package `ifvtex' (already loaded).
Package: intcalc 2007/09/27 v1.1 Expandable calculations with integers (HO)
Package hobsub Info: Skipping package `ifpdf' (already loaded).
Package: etexcmds 2011/02/16 v1.5 Avoid name clashes with e-TeX commands (HO)
Package etexcmds Info: Could not find \expanded.
(etexcmds)             That can mean that you are not using pdfTeX 1.50 or
(etexcmds)             that some package has redefined \expanded.
(etexcmds)             In the latter case, load this package earlier.
Package: kvsetkeys 2012/04/25 v1.16 Key value parser (HO)
Package: kvdefinekeys 2011/04/07 v1.3 Define keys (HO)
Package: pdftexcmds 2011/11/29 v0.20 Utility functions of pdfTeX for LuaTeX (HO
)
Package pdftexcmds Info: LuaTeX not detected.
Package pdftexcmds Info: \pdf@primitive is available.
Package pdftexcmds Info: \pdf@ifprimitive is available.
Package pdftexcmds Info: \pdfdraftmode found.
Package: pdfescape 2011/11/25 v1.13 Implements pdfTeX's escape features (HO)
Package: bigintcalc 2012/04/08 v1.3 Expandable calculations on big integers (HO
)
Package: bitset 2011/01/30 v1.1 Handle bit-vector datatype (HO)
Package: uniquecounter 2011/01/30 v1.2 Provide unlimited unique counter (HO)
)
Package hobsub Info: Skipping package `hobsub' (already loaded).
Package: letltxmacro 2010/09/02 v1.4 Let assignment for LaTeX macros (HO)
Package: hopatch 2012/05/28 v1.2 Wrapper for package hooks (HO)
Package: xcolor-patch 2011/01/30 xcolor patch
Package: atveryend 2011/06/30 v1.8 Hooks at the very end of document (HO)
Package atveryend Info: \enddocument detected (standard20110627).
Package: atbegshi 2011/10/05 v1.16 At begin shipout hook (HO)
Package: refcount 2011/10/16 v3.4 Data extraction from label references (HO)
Package: hycolor 2011/01/30 v1.7 Color options for hyperref/bookmark (HO)
)
(/usr/share/texlive/texmf-dist/tex/latex/oberdiek/auxhook.sty
Package: auxhook 2011/03/04 v1.3 Hooks for auxiliary files (HO)
)
(/usr/share/texlive/texmf-dist/tex/latex/oberdiek/kvoptions.sty
Package: kvoptions 2011/06/30 v3.11 Key value format for package options (HO)
)
\@linkdim=\dimen122
\Hy@linkcounter=\count101
\Hy@pagecounter=\count102

(/usr/share/texlive/texmf-dist/tex/latex/hyperref/pd1enc.def
File: pd1enc.def 2012/11/06 v6.83m Hyperref: PDFDocEncoding definition (HO)
Now handling font encoding PD1 ...
... no UTF-8 mapping file for font encoding PD1
)
\Hy@SavedSpaceFactor=\count103

(/usr/share/texlive/texmf-dist/tex/latex/latexconfig/hyperref.cfg
File: hyperref.cfg 2002/06/06 v1.2 hyperref configuration of TeXLive
)
Package hyperref Info: Hyper figures OFF on input line 4443.
Package hyperref Info: Link nesting OFF on input line 4448.
Package hyperref Info: Hyper index ON on input line 4451.
Package hyperref Info: Plain pages OFF on input line 4458.
Package hyperref Info: Backreferencing OFF on input line 4463.
Package hyperref Info: Implicit mode ON; LaTeX internals redefined.
Package hyperref Info: Bookmarks ON on input line 4688.
\c@Hy@tempcnt=\count104

(/usr/share/texlive/texmf-dist/tex/latex/url/url.sty
\Urlmuskip=\muskip10
Package: url 2013/09/16  ver 3.4  Verb mode for urls, etc.
)
LaTeX Info: Redefining \url on input line 5041.
\XeTeXLinkMargin=\dimen123
\Fld@menulength=\count105
\Field@Width=\dimen124
\Fld@charsize=\dimen125
Package hyperref Info: Hyper figures OFF on input line 6295.
Package hyperref Info: Link nesting OFF on input line 6300.
Package hyperref Info: Hyper index ON on input line 6303.
Package hyperref Info: backreferencing OFF on input line 6310.
Package hyperref Info: Link coloring OFF on input line 6315.
Package hyperref Info: Link coloring with OCG OFF on input line 6320.
Package hyperref Info: PDF/A mode OFF on input line 6325.
LaTeX Info: Redefining \ref on input line 6365.
LaTeX Info: Redefining \pageref on input line 6369.
\Hy@abspage=\count106
\c@Item=\count107
\c@Hfootnote=\count108
)

Package hyperref Message: Driver (autodetected): hpdftex.

(/usr/share/texlive/texmf-dist/tex/latex/hyperref/hpdftex.def
File: hpdftex.def 2012/11/06 v6.83m Hyperref driver for pdfTeX
\Fld@listcount=\count109
\c@bookmark@seq@number=\count110

(/usr/share/texlive/texmf-dist/tex/latex/oberdiek/rerunfilecheck.sty
Package: rerunfilecheck 2011/04/15 v1.7 Rerun checks for auxiliary files (HO)
Package uniquecounter Info: New unique counter `rerunfilecheck' on input line 2
82.
)
\Hy@SectionHShift=\skip49
)
(/usr/share/texlive/texmf-dist/tex/latex/amsmath/amsmath.sty
Package: amsmath 2016/03/03 v2.15a AMS math features
\@mathmargin=\skip50

For additional information on amsmath, use the `?' option.
(/usr/share/texlive/texmf-dist/tex/latex/amsmath/amstext.sty
Package: amstext 2000/06/29 v2.01 AMS text

(/usr/share/texlive/texmf-dist/tex/latex/amsmath/amsgen.sty
File: amsgen.sty 1999/11/30 v2.0 generic functions
\@emptytoks=\toks22
\ex@=\dimen126
))
(/usr/share/texlive/texmf-dist/tex/latex/amsmath/amsbsy.sty
Package: amsbsy 1999/11/29 v1.2d Bold Symbols
\pmbraise@=\dimen127
)
(/usr/share/texlive/texmf-dist/tex/latex/amsmath/amsopn.sty
Package: amsopn 1999/12/14 v2.01 operator names
)
\inf@bad=\count111
LaTeX Info: Redefining \frac on input line 199.
\uproot@=\count112
\leftroot@=\count113
LaTeX Info: Redefining \overline on input line 297.
\classnum@=\count114
\DOTSCASE@=\count115
LaTeX Info: Redefining \ldots on input line 394.
LaTeX Info: Redefining \dots on input line 397.
LaTeX Info: Redefining \cdots on input line 518.
\Mathstrutbox@=\box31
\strutbox@=\box32
\big@size=\dimen128
LaTeX Font Info:    Redeclaring font encoding OML on input line 630.
LaTeX Font Info:    Redeclaring font encoding OMS on input line 631.
\macc@depth=\count116
\c@MaxMatrixCols=\count117
\dotsspace@=\muskip11
\c@parentequation=\count118
\dspbrk@lvl=\count119
\tag@help=\toks23
\row@=\count120
\column@=\count121
\maxfields@=\count122
\andhelp@=\toks24
\eqnshift@=\dimen129
\alignsep@=\dimen130
\tagshift@=\dimen131
\tagwidth@=\dimen132
\totwidth@=\dimen133
\lineht@=\dimen134
\@envbody=\toks25
\multlinegap=\skip51
\multlinetaggap=\skip52
\mathdisplay@stack=\toks26
LaTeX Info: Redefining \[ on input line 2735.
LaTeX Info: Redefining \] on input line 2736.
)
(/usr/share/texlive/texmf-dist/tex/latex/tools/bm.sty
Package: bm 2014/10/28 v1.1c Bold Symbol Support (DPC/FMi)
\symboldoperators=\mathgroup5
\symboldletters=\mathgroup6
\symboldsymbols=\mathgroup7
\symboldupright=\mathgroup8
LaTeX Font Info:    Redeclaring math alphabet \mathbf on input line 141.
LaTeX Info: Redefining \bm on input line 207.
)
(/usr/share/texlive/texmf-dist/tex/latex/subfig/subfig.sty
Package: subfig 2005/06/28 ver: 1.3 subfig package

(/usr/share/texlive/texmf-dist/tex/latex/caption/caption.sty
Package: caption 2016/02/21 v3.3-144 Customizing captions (AR)

(/usr/share/texlive/texmf-dist/tex/latex/caption/caption3.sty
Package: caption3 2016/02/04 v1.7-139 caption3 kernel (AR)
Package caption3 Info: TeX engine: e-TeX on input line 67.
\captionmargin=\dimen135
\captionmargin@=\dimen136
\captionwidth=\dimen137
\caption@tempdima=\dimen138
\caption@indent=\dimen139
\caption@parindent=\dimen140
\caption@hangindent=\dimen141
)
\c@ContinuedFloat=\count123
Package caption Info: float package is loaded.
Package caption Info: hyperref package is loaded.
Package caption Info: listings package is loaded.
)
\c@KVtest=\count124
\sf@farskip=\skip53
\sf@captopadj=\dimen142
\sf@capskip=\skip54
\sf@nearskip=\skip55
\c@subfigure=\count125
\c@subfigure@save=\count126
\c@lofdepth=\count127
\c@subtable=\count128
\c@subtable@save=\count129
\c@lotdepth=\count130
\sf@top=\skip56
\sf@bottom=\skip57
)
(/usr/share/texlive/texmf-dist/tex/latex/etoolbox/etoolbox.sty
Package: etoolbox 2015/08/02 v2.2a e-TeX tools for LaTeX (JAW)
\etb@tempcnta=\count131
)
(/usr/share/texlive/texmf-dist/tex/latex/amsfonts/amssymb.sty
Package: amssymb 2013/01/14 v3.01 AMS font symbols

(/usr/share/texlive/texmf-dist/tex/latex/amsfonts/amsfonts.sty
Package: amsfonts 2013/01/14 v3.01 Basic AMSFonts support
\symAMSa=\mathgroup9
\symAMSb=\mathgroup10
LaTeX Font Info:    Overwriting math alphabet `\mathfrak' in version `bold'
(Font)                  U/euf/m/n --> U/euf/b/n on input line 106.
)) (./main.aux

LaTeX Warning: Label `sec:demonstration' multiply defined.


LaTeX Warning: Label `fig:dcgan' multiply defined.


LaTeX Warning: Label `fig:wgan' multiply defined.


LaTeX Warning: Label `sec:demonstration' multiply defined.

)
\openout1 = `main.aux'.

LaTeX Font Info:    Checking defaults for OML/cmm/m/it on input line 65.
LaTeX Font Info:    ... okay on input line 65.
LaTeX Font Info:    Checking defaults for T1/cmr/m/n on input line 65.
LaTeX Font Info:    ... okay on input line 65.
LaTeX Font Info:    Checking defaults for OT1/cmr/m/n on input line 65.
LaTeX Font Info:    ... okay on input line 65.
LaTeX Font Info:    Checking defaults for OMS/cmsy/m/n on input line 65.
LaTeX Font Info:    ... okay on input line 65.
LaTeX Font Info:    Checking defaults for OMX/cmex/m/n on input line 65.
LaTeX Font Info:    ... okay on input line 65.
LaTeX Font Info:    Checking defaults for U/cmr/m/n on input line 65.
LaTeX Font Info:    ... okay on input line 65.
LaTeX Font Info:    Checking defaults for PD1/pdf/m/n on input line 65.
LaTeX Font Info:    ... okay on input line 65.
LaTeX Font Info:    Try loading font information for T1+ppl on input line 65.
 (/usr/share/texlive/texmf-dist/tex/latex/psnfss/t1ppl.fd
File: t1ppl.fd 2001/06/04 font definitions for T1/ppl.
)
*geometry* driver: auto-detecting
*geometry* detected driver: pdftex
*geometry* verbose mode - [ preamble ] result:
* driver: pdftex
* paper: a4paper
* layout: <same size as paper>
* layoutoffset:(h,v)=(0.0pt,0.0pt)
* modes: 
* h-part:(L,W,R)=(72.26999pt, 452.9679pt, 72.26999pt)
* v-part:(T,H,B)=(54.2025pt, 736.64185pt, 54.2025pt)
* \paperwidth=597.50787pt
* \paperheight=845.04684pt
* \textwidth=452.9679pt
* \textheight=736.64185pt
* \oddsidemargin=0.0pt
* \evensidemargin=0.0pt
* \topmargin=-55.06749pt
* \headheight=12.0pt
* \headsep=25.0pt
* \topskip=12.0pt
* \footskip=30.0pt
* \marginparwidth=44.0pt
* \marginparsep=10.0pt
* \columnsep=10.0pt
* \skip\footins=10.8pt plus 4.0pt minus 2.0pt
* \hoffset=0.0pt
* \voffset=0.0pt
* \mag=1000
* \@twocolumnfalse
* \@twosidefalse
* \@mparswitchfalse
* \@reversemarginfalse
* (1in=72.27pt=25.4mm, 1cm=28.453pt)

(/usr/share/texlive/texmf-dist/tex/context/base/supp-pdf.mkii
[Loading MPS to PDF converter (version 2006.09.02).]
\scratchcounter=\count132
\scratchdimen=\dimen143
\scratchbox=\box33
\nofMPsegments=\count133
\nofMParguments=\count134
\everyMPshowfont=\toks27
\MPscratchCnt=\count135
\MPscratchDim=\dimen144
\MPnumerator=\count136
\makeMPintoPDFobject=\count137
\everyMPtoPDFconversion=\toks28
) (/usr/share/texlive/texmf-dist/tex/latex/oberdiek/epstopdf-base.sty
Package: epstopdf-base 2010/02/09 v2.5 Base part for package epstopdf

(/usr/share/texlive/texmf-dist/tex/latex/oberdiek/grfext.sty
Package: grfext 2010/08/19 v1.1 Manage graphics extensions (HO)
)
Package grfext Info: Graphics extension search list:
(grfext)             [.png,.pdf,.jpg,.mps,.jpeg,.jbig2,.jb2,.PNG,.PDF,.JPG,.JPE
G,.JBIG2,.JB2,.eps]
(grfext)             \AppendGraphicsExtensions on input line 452.

(/usr/share/texlive/texmf-dist/tex/latex/latexconfig/epstopdf-sys.cfg
File: epstopdf-sys.cfg 2010/07/13 v1.3 Configuration of (r)epstopdf for TeX Liv
e
))
\c@lstlisting=\count138
\AtBeginShipoutBox=\box34
Package hyperref Info: Link coloring OFF on input line 65.

(/usr/share/texlive/texmf-dist/tex/latex/hyperref/nameref.sty
Package: nameref 2012/10/27 v2.43 Cross-referencing by name of section

(/usr/share/texlive/texmf-dist/tex/generic/oberdiek/gettitlestring.sty
Package: gettitlestring 2010/12/03 v1.4 Cleanup title references (HO)
)
\c@section@level=\count139
)
LaTeX Info: Redefining \ref on input line 65.
LaTeX Info: Redefining \pageref on input line 65.
LaTeX Info: Redefining \nameref on input line 65.

(./main.out) (./main.out)
\@outlinefile=\write3
\openout3 = `main.out'.

Package caption Info: Begin \AtBeginDocument code.
Package caption Info: subfig package v1.3 is loaded.
Package caption Info: End \AtBeginDocument code.
 (./sections/front.tex
LaTeX Font Info:    Font shape `T1/ppl/bx/sc' in size <17.28> not available
(Font)              Font shape `T1/ppl/b/sc' tried instead on input line 14.

<images/vtu.png, id=301, 238.64156pt x 344.03531pt>
File: images/vtu.png Graphic file (type png)
 <use images/vtu.png>
Package pdftex.def Info: images/vtu.png used on input line 17.
(pdftex.def)             Requested size: 67.94241pt x 97.94609pt.
LaTeX Font Info:    Font shape `T1/ppl/bx/sc' in size <12> not available
(Font)              Font shape `T1/ppl/b/sc' tried instead on input line 26.
LaTeX Font Info:    Font shape `T1/ppl/bx/sc' in size <20.74> not available
(Font)              Font shape `T1/ppl/b/sc' tried instead on input line 26.
LaTeX Font Info:    Font shape `T1/ppl/bx/sc' in size <14.4> not available
(Font)              Font shape `T1/ppl/b/sc' tried instead on input line 32.
LaTeX Font Info:    Try loading font information for OT1+ppl on input line 42.

(/usr/share/texlive/texmf-dist/tex/latex/psnfss/ot1ppl.fd
File: ot1ppl.fd 2001/06/04 font definitions for OT1/ppl.
)
LaTeX Font Info:    Try loading font information for OML+zplm on input line 42.


(/usr/share/texlive/texmf-dist/tex/latex/psnfss/omlzplm.fd
File: omlzplm.fd 2002/09/08 Fontinst v1.914 font definitions for OML/zplm.
)
LaTeX Font Info:    Try loading font information for OMS+zplm on input line 42.


(/usr/share/texlive/texmf-dist/tex/latex/psnfss/omszplm.fd
File: omszplm.fd 2002/09/08 Fontinst v1.914 font definitions for OMS/zplm.
)
LaTeX Font Info:    Try loading font information for OMX+zplm on input line 42.


(/usr/share/texlive/texmf-dist/tex/latex/psnfss/omxzplm.fd
File: omxzplm.fd 2002/09/08 Fontinst v1.914 font definitions for OMX/zplm.
)
LaTeX Font Info:    Try loading font information for OT1+zplm on input line 42.


(/usr/share/texlive/texmf-dist/tex/latex/psnfss/ot1zplm.fd
File: ot1zplm.fd 2002/09/08 Fontinst v1.914 font definitions for OT1/zplm.
)
LaTeX Font Info:    Font shape `U/msa/m/n' will be
(Font)              scaled to size 15.0049pt on input line 42.
LaTeX Font Info:    Font shape `U/msa/m/n' will be
(Font)              scaled to size 10.42007pt on input line 42.
LaTeX Font Info:    Font shape `U/msa/m/n' will be
(Font)              scaled to size 8.33606pt on input line 42.
LaTeX Font Info:    Font shape `U/msb/m/n' will be
(Font)              scaled to size 15.0049pt on input line 42.
LaTeX Font Info:    Font shape `U/msb/m/n' will be
(Font)              scaled to size 10.42007pt on input line 42.
LaTeX Font Info:    Font shape `U/msb/m/n' will be
(Font)              scaled to size 8.33606pt on input line 42.
LaTeX Font Info:    Font shape `T1/ppl/bx/n' in size <14.4> not available
(Font)              Font shape `T1/ppl/b/n' tried instead on input line 43.

<images/mvit.png, id=303, 425.9112pt x 376.2858pt>
File: images/mvit.png Graphic file (type png)
 <use images/mvit.png>
Package pdftex.def Info: images/mvit.png used on input line 60.
(pdftex.def)             Requested size: 67.94241pt x 60.02321pt.

[1

{/var/lib/texmf/fonts/map/pdftex/updmap/pdftex.map} <./images/vtu.png> <./image
s/mvit.png

pdfTeX warning: pdflatex (file ./images/mvit.png): large interlaced PNG might c
ause out of memory (use non-interlaced PNG to fix this)
>]) (./sections/front.tex
File: images/vtu.png Graphic file (type png)
 <use images/vtu.png>
Package pdftex.def Info: images/vtu.png used on input line 17.
(pdftex.def)             Requested size: 67.94241pt x 97.94609pt.
File: images/mvit.png Graphic file (type png)
 <use images/mvit.png>
Package pdftex.def Info: images/mvit.png used on input line 60.
(pdftex.def)             Requested size: 67.94241pt x 60.02321pt.
pdfTeX warning (ext4): destination with the same identifier (name{page.1}) has 
been already used, duplicate ignored
<to be read again> 
                   \relax 
l.67 \end{titlepage}
                     [1]) (./sections/certificate.tex
File: images/mvit.png Graphic file (type png)
 <use images/mvit.png>
Package pdftex.def Info: images/mvit.png used on input line 5.
(pdftex.def)             Requested size: 90.5922pt x 80.03287pt.
LaTeX Font Info:    Font shape `U/msa/m/n' will be
(Font)              scaled to size 12.50409pt on input line 13.
LaTeX Font Info:    Font shape `U/msa/m/n' will be
(Font)              scaled to size 9.37807pt on input line 13.
LaTeX Font Info:    Font shape `U/msa/m/n' will be
(Font)              scaled to size 7.29405pt on input line 13.
LaTeX Font Info:    Font shape `U/msb/m/n' will be
(Font)              scaled to size 12.50409pt on input line 13.
LaTeX Font Info:    Font shape `U/msb/m/n' will be
(Font)              scaled to size 9.37807pt on input line 13.
LaTeX Font Info:    Font shape `U/msb/m/n' will be
(Font)              scaled to size 7.29405pt on input line 13.
LaTeX Font Info:    Font shape `T1/ppl/bx/sc' in size <10.95> not available
(Font)              Font shape `T1/ppl/b/sc' tried instead on input line 14.
LaTeX Font Info:    Font shape `T1/ppl/bx/n' in size <12> not available
(Font)              Font shape `T1/ppl/b/n' tried instead on input line 15.
LaTeX Font Info:    Font shape `T1/ppl/bx/n' in size <10.95> not available
(Font)              Font shape `T1/ppl/b/n' tried instead on input line 15.
pdfTeX warning (ext4): destination with the same identifier (name{page.1}) has 
been already used, duplicate ignored
<to be read again> 
                   \relax 
l.21 \end{titlepage}
                     [1]) (./sections/declaration.tex
LaTeX Font Info:    Font shape `T1/ppl/bx/n' in size <20.74> not available
(Font)              Font shape `T1/ppl/b/n' tried instead on input line 6.

Underfull \hbox (badness 10000) in paragraph at lines 8--9

 []


Underfull \hbox (badness 10000) in paragraph at lines 10--12

 []


Underfull \hbox (badness 10000) in paragraph at lines 17--19

 []

pdfTeX warning (ext4): destination with the same identifier (name{page.1}) has 
been already used, duplicate ignored
<to be read again> 
                   \relax 
l.27 \end{titlepage}
                     [1]) (./sections/acknowledgments.tex
LaTeX Font Info:    Font shape `T1/ppl/bx/n' in size <17.28> not available
(Font)              Font shape `T1/ppl/b/n' tried instead on input line 1.
)
(./sections/abstract.tex [1

]) [2

] (./main.toc [3

])
\tf@toc=\write4
\openout4 = `main.toc'.

 [4] (./main.lof)
\tf@lof=\write5
\openout5 = `main.lof'.

 [5

]
LaTeX Font Info:    Font shape `T1/ppl/bx/n' in size <24.88> not available
(Font)              Font shape `T1/ppl/b/n' tried instead on input line 101.
LaTeX Font Info:    Font shape `T1/ppl/bx/sc' in size <24.88> not available
(Font)              Font shape `T1/ppl/b/sc' tried instead on input line 101.


Package hyperref Warning: Token not allowed in a PDF string (PDFDocEncoding):
(hyperref)                removing `\\' on input line 101.

[0


] (./sections/introduction.tex
Chapter 1.
LaTeX Font Info:    Font shape `U/msa/m/n' will be
(Font)              scaled to size 11.40997pt on input line 3.
LaTeX Font Info:    Font shape `U/msa/m/n' will be
(Font)              scaled to size 6.25204pt on input line 3.
LaTeX Font Info:    Font shape `U/msb/m/n' will be
(Font)              scaled to size 11.40997pt on input line 3.
LaTeX Font Info:    Font shape `U/msb/m/n' will be
(Font)              scaled to size 6.25204pt on input line 3.
pdfTeX warning (ext4): destination with the same identifier (name{page.1}) has 
been already used, duplicate ignored
<to be read again> 
                   \relax 
l.20   \subsection{Autoregressive models}
                                          [1

]
<images/vanillaGAN.png, id=458, 482.80376pt x 261.97874pt>
File: images/vanillaGAN.png Graphic file (type png)

<use images/vanillaGAN.png>
Package pdftex.def Info: images/vanillaGAN.png used on input line 27.
(pdftex.def)             Requested size: 317.07614pt x 172.05904pt.
 [2 <./images/vanillaGAN.png>]
LaTeX Font Info:    Try loading font information for U+fplmbb on input line 36.


(/usr/share/texlive/texmf-dist/tex/latex/psnfss/ufplmbb.fd
File: ufplmbb.fd 2003/10/30 Fontinst v1.914 font definitions for U/fplmbb.
)
<images/CNN.jpg, id=464, 1259.70625pt x 425.59pt>
File: images/CNN.jpg Graphic file (type jpg)
 <use images/CNN.jpg>
Package pdftex.def Info: images/CNN.jpg used on input line 44.
(pdftex.def)             Requested size: 317.07614pt x 107.12456pt.

Overfull \hbox (9.57903pt too wide) in paragraph at lines 48--48
\T1/ppl/m/n/12 sim-i-lar to or-di-nary neu-ral net-works, they con-sist of neu-
rons that have learn-able weights
 []

[3 <./images/CNN.jpg>] <images/caps.png, id=475, 1672.2475pt x 467.7475pt>
File: images/caps.png Graphic file (type png)

<use images/caps.png>
Package pdftex.def Info: images/caps.png used on input line 58.
(pdftex.def)             Requested size: 317.07614pt x 88.68736pt.
 [4 <./images/caps.png>]) [5]

Package hyperref Warning: Token not allowed in a PDF string (PDFDocEncoding):
(hyperref)                removing `\\' on input line 105.

pdfTeX warning (ext4): destination with the same identifier (name{page.5}) has 
been already used, duplicate ignored
<to be read again> 
                   \relax 
l.105 \part*{Chapter 2\\ Literature Survey}
                                            [5

] (./sections/literature.tex
Chapter 2.
<images/dcgan.png, id=494, 996.72375pt x 229.85875pt>
File: images/dcgan.png Graphic file (type png)
 <use images/dcgan.png>
Package pdftex.def Info: images/dcgan.png used on input line 16.
(pdftex.def)             Requested size: 452.9679pt x 104.45961pt.

[6

 <./images/dcgan.png>]
Overfull \hbox (21.98671pt too wide) in paragraph at lines 47--48
\T1/ppl/m/n/12 net-works, but were out-per-formed by sev-eral other ap-proaches
 ^^U in-clud-ing non-conditional
 []

[7]) [8]

Package hyperref Warning: Token not allowed in a PDF string (PDFDocEncoding):
(hyperref)                removing `\\' on input line 109.

pdfTeX warning (ext4): destination with the same identifier (name{page.8}) has 
been already used, duplicate ignored
<to be read again> 
                   \relax 
l.109 \part*{Chapter 3\\ Technology}
                                     [8

] (./sections/techno.tex
Chapter 3.
[9

] [10]) [11]

Package hyperref Warning: Token not allowed in a PDF string (PDFDocEncoding):
(hyperref)                removing `\\' on input line 114.

pdfTeX warning (ext4): destination with the same identifier (name{page.11}) has
 been already used, duplicate ignored
<to be read again> 
                   \relax 
l.114 \part*{Chapter 4\\ System Requirements}
                                              [11

] (./sections/requirements.tex
Chapter 4.
[12

]) [13]

Package hyperref Warning: Token not allowed in a PDF string (PDFDocEncoding):
(hyperref)                removing `\\' on input line 118.

pdfTeX warning (ext4): destination with the same identifier (name{page.13}) has
 been already used, duplicate ignored
<to be read again> 
                   \relax 
l.118 \part*{Chapter 5\\ Proposed Architecture}
                                                [13

] (./sections/proposed.tex
Chapter 5.
<images/Generator.png, id=589, 662.475pt x 278.03876pt>
File: images/Generator.png Graphic file (type png)

<use images/Generator.png>
Package pdftex.def Info: images/Generator.png used on input line 17.
(pdftex.def)             Requested size: 452.9679pt x 190.1075pt.
 [14

]
<images/Discriminator.png, id=595, 826.08624pt x 188.705pt>
File: images/Discriminator.png Graphic file (type png)

<use images/Discriminator.png>
Package pdftex.def Info: images/Discriminator.png used on input line 28.
(pdftex.def)             Requested size: 452.9679pt x 103.4742pt.
 [15 <./images/Generator.png> <./images/Discriminator.png>]) [16]

Package hyperref Warning: Token not allowed in a PDF string (PDFDocEncoding):
(hyperref)                removing `\\' on input line 122.

pdfTeX warning (ext4): destination with the same identifier (name{page.16}) has
 been already used, duplicate ignored
<to be read again> 
                   \relax 
l.122 \part*{Chapter 6\\ Implementation}
                                         [16

] (./sections/implementation.tex
Chapter 6.
<images/methodology.png, id=612, 963.6pt x 542.025pt>
File: images/methodology.png Graphic file (type png)

<use images/methodology.png>
Package pdftex.def Info: images/methodology.png used on input line 10.
(pdftex.def)             Requested size: 452.9679pt x 254.79314pt.
 [17

 <./images/methodology.png>]
(/usr/share/texlive/texmf-dist/tex/latex/listings/lstlang1.sty
File: lstlang1.sty 2015/06/04 1.6 listings language file
)
LaTeX Font Info:    Font shape `T1/ppl/bx/n' in size <8> not available
(Font)              Font shape `T1/ppl/b/n' tried instead on input line 29.
LaTeX Font Info:    Font shape `U/msa/m/n' will be
(Font)              scaled to size 5.21004pt on input line 67.
LaTeX Font Info:    Font shape `U/msb/m/n' will be
(Font)              scaled to size 5.21004pt on input line 67.
 [18] [19]
[20]) [21]

Package hyperref Warning: Token not allowed in a PDF string (PDFDocEncoding):
(hyperref)                removing `\\' on input line 126.

pdfTeX warning (ext4): destination with the same identifier (name{page.21}) has
 been already used, duplicate ignored
<to be read again> 
                   \relax 
l.126 \part*{Chapter 7\\ Code Snippets}
                                        [21

] (./sections/code.tex
Chapter 7.
[22

]
LaTeX Font Info:    Try loading font information for OMS+ppl on input line 77.
 (/usr/share/texlive/texmf-dist/tex/latex/psnfss/omsppl.fd
File: omsppl.fd 
)
LaTeX Font Info:    Font shape `OMS/ppl/m/n' in size <8> not available
(Font)              Font shape `OMS/cmsy/m/n' tried instead on input line 77.
 [23]
LaTeX Font Info:    Font shape `OMS/ppl/m/it' in size <8> not available
(Font)              Font shape `OMS/cmsy/m/n' tried instead on input line 156.
 [24]
[25] [26] [27]) [28]

Package hyperref Warning: Token not allowed in a PDF string (PDFDocEncoding):
(hyperref)                removing `\\' on input line 130.

pdfTeX warning (ext4): destination with the same identifier (name{page.28}) has
 been already used, duplicate ignored
<to be read again> 
                   \relax 
l.130 \part*{Chapter 8\\ Execution and Results}
                                                [28

]
(./sections/execandresults.tex
Chapter 8.

Overfull \hbox (1.57245pt too wide) in paragraph at lines 8--9
[]\T1/ppl/m/n/12 Our re-search con-sisted of four net-works: AC-GAN, DC-GAN, In
-fo-GAN and WGAN.
 []

<images/plots/classacgan.png, id=1207, 462.528pt x 346.896pt>
File: images/plots/classacgan.png Graphic file (type png)

<use images/plots/classacgan.png>
Package pdftex.def Info: images/plots/classacgan.png used on input line 14.
(pdftex.def)             Requested size: 203.83417pt x 152.87819pt.

<images/plots/capsacgan.png, id=1208, 462.528pt x 346.896pt>
File: images/plots/capsacgan.png Graphic file (type png)

<use images/plots/capsacgan.png>
Package pdftex.def Info: images/plots/capsacgan.png used on input line 16.
(pdftex.def)             Requested size: 203.83417pt x 152.87819pt.

<images/plots/classdcgan.png, id=1209, 462.528pt x 346.896pt>
File: images/plots/classdcgan.png Graphic file (type png)

<use images/plots/classdcgan.png>
Package pdftex.def Info: images/plots/classdcgan.png used on input line 23.
(pdftex.def)             Requested size: 203.83417pt x 152.87819pt.

<images/plots/capsdcgan.png, id=1210, 462.528pt x 346.896pt>
File: images/plots/capsdcgan.png Graphic file (type png)

<use images/plots/capsdcgan.png>
Package pdftex.def Info: images/plots/capsdcgan.png used on input line 25.
(pdftex.def)             Requested size: 203.83417pt x 152.87819pt.
 [29

 <./images/plots/classacgan.png> <./images/plots/capsacgan.png>]
<images/plots/classinfogan.png, id=1219, 462.528pt x 346.896pt>
File: images/plots/classinfogan.png Graphic file (type png)

<use images/plots/classinfogan.png>
Package pdftex.def Info: images/plots/classinfogan.png used on input line 32.
(pdftex.def)             Requested size: 203.83417pt x 152.87819pt.

<images/plots/capsinfogan.png, id=1220, 462.528pt x 346.896pt>
File: images/plots/capsinfogan.png Graphic file (type png)

<use images/plots/capsinfogan.png>
Package pdftex.def Info: images/plots/capsinfogan.png used on input line 34.
(pdftex.def)             Requested size: 203.83417pt x 152.87819pt.

<images/plots/classwgan.png, id=1221, 462.528pt x 346.896pt>
File: images/plots/classwgan.png Graphic file (type png)

<use images/plots/classwgan.png>
Package pdftex.def Info: images/plots/classwgan.png used on input line 41.
(pdftex.def)             Requested size: 203.83417pt x 152.87819pt.

<images/plots/capswgan.png, id=1222, 462.528pt x 346.896pt>
File: images/plots/capswgan.png Graphic file (type png)

<use images/plots/capswgan.png>
Package pdftex.def Info: images/plots/capswgan.png used on input line 43.
(pdftex.def)             Requested size: 203.83417pt x 152.87819pt.

<images/plots/classwgan-zoomed.png, id=1223, 462.528pt x 346.896pt>
File: images/plots/classwgan-zoomed.png Graphic file (type png)

<use images/plots/classwgan-zoomed.png>
Package pdftex.def Info: images/plots/classwgan-zoomed.png used on input line 5
2.
(pdftex.def)             Requested size: 203.83417pt x 152.87819pt.

<images/plots/capswgan-zoomed.png, id=1224, 462.528pt x 346.896pt>
File: images/plots/capswgan-zoomed.png Graphic file (type png)

<use images/plots/capswgan-zoomed.png>
Package pdftex.def Info: images/plots/capswgan-zoomed.png used on input line 54
.
(pdftex.def)             Requested size: 203.83417pt x 152.87819pt.
 [30 <./images/plots/classdcgan.png> <./images/plots/capsdcgan.png> <./images/p
lots/classinfogan.png> <./images/plots/capsinfogan.png> <./images/plots/classwg
an.png> <./images/plots/capswgan.png>]
<images/generation_outputs/acgan.png, id=1241, 578.16pt x 397.485pt>
File: images/generation_outputs/acgan.png Graphic file (type png)

<use images/generation_outputs/acgan.png>
Package pdftex.def Info: images/generation_outputs/acgan.png used on input line
 77.
(pdftex.def)             Requested size: 226.48395pt x 155.70387pt.

<images/generation_outputs/acgan_caps.png, id=1242, 578.16pt x 397.485pt>
File: images/generation_outputs/acgan_caps.png Graphic file (type png)

<use images/generation_outputs/acgan_caps.png>
Package pdftex.def Info: images/generation_outputs/acgan_caps.png used on input
 line 78.
(pdftex.def)             Requested size: 226.48395pt x 155.70387pt.

Overfull \hbox (6.0pt too wide) in paragraph at lines 77--79
 [][][][] 
 []

[31 <./images/plots/classwgan-zoomed.png> <./images/plots/capswgan-zoomed.png>]
<images/generation_outputs/dcgan.png, id=1251, 578.16pt x 397.485pt>
File: images/generation_outputs/dcgan.png Graphic file (type png)

<use images/generation_outputs/dcgan.png>
Package pdftex.def Info: images/generation_outputs/dcgan.png used on input line
 85.
(pdftex.def)             Requested size: 203.83417pt x 140.1347pt.

<images/generation_outputs/dcgan_caps.png, id=1252, 578.16pt x 397.485pt>
File: images/generation_outputs/dcgan_caps.png Graphic file (type png)

<use images/generation_outputs/dcgan_caps.png>
Package pdftex.def Info: images/generation_outputs/dcgan_caps.png used on input
 line 87.
(pdftex.def)             Requested size: 203.83417pt x 140.1347pt.

<images/generation_outputs/infogan.png, id=1253, 578.16pt x 397.485pt>
File: images/generation_outputs/infogan.png Graphic file (type png)

<use images/generation_outputs/infogan.png>
Package pdftex.def Info: images/generation_outputs/infogan.png used on input li
ne 94.
(pdftex.def)             Requested size: 226.48395pt x 155.70387pt.

<images/generation_outputs/infogan_caps.png, id=1254, 578.16pt x 397.485pt>
File: images/generation_outputs/infogan_caps.png Graphic file (type png)

<use images/generation_outputs/infogan_caps.png>
Package pdftex.def Info: images/generation_outputs/infogan_caps.png used on inp
ut line 95.
(pdftex.def)             Requested size: 226.48395pt x 155.70387pt.

Overfull \hbox (6.0pt too wide) in paragraph at lines 94--96
 [][][][] 
 []

<images/generation_outputs/wgan.png, id=1255, 578.16pt x 397.485pt>
File: images/generation_outputs/wgan.png Graphic file (type png)

<use images/generation_outputs/wgan.png>
Package pdftex.def Info: images/generation_outputs/wgan.png used on input line 
102.
(pdftex.def)             Requested size: 203.83417pt x 140.1347pt.

<images/generation_outputs/wgan_caps.png, id=1256, 578.16pt x 397.485pt>
File: images/generation_outputs/wgan_caps.png Graphic file (type png)

<use images/generation_outputs/wgan_caps.png>
Package pdftex.def Info: images/generation_outputs/wgan_caps.png used on input 
line 104.
(pdftex.def)             Requested size: 203.83417pt x 140.1347pt.
 [32 <./images/generation_outputs/acgan.png> <./images/generation_outputs/acgan
_caps.png> <./images/generation_outputs/dcgan.png> <./images/generation_outputs
/dcgan_caps.png> <./images/generation_outputs/infogan.png> <./images/generation
_outputs/infogan_caps.png>]
<images/completion_outputs/0_1.png, id=1274, 462.528pt x 145.9854pt>
File: images/completion_outputs/0_1.png Graphic file (type png)

<use images/completion_outputs/0_1.png>
Package pdftex.def Info: images/completion_outputs/0_1.png used on input line 1
23.
(pdftex.def)             Requested size: 407.66833pt x 128.67693pt.

<images/completion_outputs/0_2.png, id=1275, 462.528pt x 146.7081pt>
File: images/completion_outputs/0_2.png Graphic file (type png)

<use images/completion_outputs/0_2.png>
Package pdftex.def Info: images/completion_outputs/0_2.png used on input line 1
26.
(pdftex.def)             Requested size: 407.66833pt x 129.31393pt.

<images/completion_outputs/3_1.png, id=1276, 462.528pt x 145.9854pt>
File: images/completion_outputs/3_1.png Graphic file (type png)

<use images/completion_outputs/3_1.png>
Package pdftex.def Info: images/completion_outputs/3_1.png used on input line 1
29.
(pdftex.def)             Requested size: 407.66833pt x 128.67693pt.

<images/completion_outputs/3_2.png, id=1277, 462.528pt x 143.8173pt>
File: images/completion_outputs/3_2.png Graphic file (type png)

<use images/completion_outputs/3_2.png>
Package pdftex.def Info: images/completion_outputs/3_2.png used on input line 1
35.
(pdftex.def)             Requested size: 407.66833pt x 126.76588pt.

<images/completion_outputs/4.png, id=1278, 462.528pt x 143.8173pt>
File: images/completion_outputs/4.png Graphic file (type png)

<use images/completion_outputs/4.png>
Package pdftex.def Info: images/completion_outputs/4.png used on input line 138
.
(pdftex.def)             Requested size: 407.66833pt x 126.76588pt.

<images/completion_outputs/8_1.png, id=1279, 462.528pt x 145.9854pt>
File: images/completion_outputs/8_1.png Graphic file (type png)

<use images/completion_outputs/8_1.png>
Package pdftex.def Info: images/completion_outputs/8_1.png used on input line 1
41.
(pdftex.def)             Requested size: 407.66833pt x 128.67693pt.

<images/completion_outputs/9_1.png, id=1280, 462.528pt x 146.7081pt>
File: images/completion_outputs/9_1.png Graphic file (type png)

<use images/completion_outputs/9_1.png>
Package pdftex.def Info: images/completion_outputs/9_1.png used on input line 1
44.
(pdftex.def)             Requested size: 407.66833pt x 129.31393pt.
) [33 <./images/generation_outputs/wgan.png> <./images/generation_outputs/wgan_
caps.png> <./images/completion_outputs/0_1.png> <./images/completion_outputs/0_
2.png> <./images/completion_outputs/3_1.png>] [34 <./images/completion_outputs/
3_2.png> <./images/completion_outputs/4.png> <./images/completion_outputs/8_1.p
ng> <./images/completion_outputs/9_1.png>]

Package hyperref Warning: Token not allowed in a PDF string (PDFDocEncoding):
(hyperref)                removing `\\' on input line 134.

pdfTeX warning (ext4): destination with the same identifier (name{page.34}) has
 been already used, duplicate ignored
<to be read again> 
                   \relax 
l.134 \part*{Chapter 9\\ Conclusion}
                                     [34

] (./sections/conclusion.tex
Chapter 9.
) [35

] (./main.bbl
Underfull \hbox (badness 1043) in paragraph at lines 12--18
[]\T1/ppl/m/n/12 Ishaan Gul-ra-jani, Faruk Ahmed, Mar-tin Ar-jovsky, Vin-cent D
u-moulin, and
 []

[36


])
Package atveryend Info: Empty hook `BeforeClearDocument' on input line 140.
 [37]
Package atveryend Info: Empty hook `AfterLastShipout' on input line 140.
 (./main.aux)
Package atveryend Info: Executing hook `AtVeryEndDocument' on input line 140.
Package atveryend Info: Executing hook `AtEndAfterFileList' on input line 140.


Package rerunfilecheck Warning: File `main.out' has changed.
(rerunfilecheck)                Rerun to get outlines right
(rerunfilecheck)                or use package `bookmark'.

Package rerunfilecheck Info: Checksums for `main.out':
(rerunfilecheck)             Before: 01DE2EC2409E1B57336E8CD68B7A5E54;4724
(rerunfilecheck)             After:  9D75D7877FCF47C20E90B279C4F6CFF2;4724.

LaTeX Warning: There were multiply-defined labels.

Package atveryend Info: Empty hook `AtVeryVeryEnd' on input line 140.
 ) 
Here is how much of TeX's memory you used:
 12593 strings out of 493029
 180446 string characters out of 6136234
 324046 words of memory out of 5000000
 15085 multiletter control sequences out of 15000+600000
 96886 words of font info for 204 fonts, out of 8000000 for 9000
 1141 hyphenation exceptions out of 8191
 44i,9n,49p,1454b,1879s stack positions out of 5000i,500n,10000p,200000b,80000s
pdfTeX warning (dest): name{figure.caption.19} has been referenced but does n
ot exist, replaced by a fixed one

pdfTeX warning (dest): name{figure.caption.16} has been referenced but does not
 exist, replaced by a fixed one

pdfTeX warning (dest): name{chapter*.31} has been referenced but does not exist
, replaced by a fixed one

pdfTeX warning (dest): name{part*.30} has been referenced but does not exist, r
eplaced by a fixed one

pdfTeX warning (dest): name{part*.17} has been referenced but does not exist, r
eplaced by a fixed one

pdfTeX warning (dest): name{part*.15} has been referenced but does not exist, r
eplaced by a fixed one

{/usr/share/texlive/texmf-dist/fonts/enc/dvips/base/8r.enc}</usr/share/texlive/
texmf-dist/fonts/type1/public/amsfonts/cm/cmbx10.pfb></usr/share/texlive/texmf-
dist/fonts/type1/public/amsfonts/cm/cmr10.pfb></usr/share/texlive/texmf-dist/fo
nts/type1/public/amsfonts/cm/cmsy10.pfb></usr/share/texlive/texmf-dist/fonts/ty
pe1/public/amsfonts/cm/cmsy8.pfb></usr/share/texlive/texmf-dist/fonts/type1/pub
lic/mathpazo/fplmbb.pfb></usr/share/texlive/texmf-dist/fonts/type1/public/mathp
azo/fplmr.pfb></usr/share/texlive/texmf-dist/fonts/type1/public/mathpazo/fplmri
.pfb></usr/share/texlive/texmf-dist/fonts/type1/urw/palatino/uplb8a.pfb></usr/s
hare/texlive/texmf-dist/fonts/type1/urw/palatino/uplbi8a.pfb></usr/share/texliv
e/texmf-dist/fonts/type1/urw/palatino/uplr8a.pfb></usr/share/texlive/texmf-dist
/fonts/type1/urw/palatino/uplri8a.pfb>
Output written on main.pdf (55 pages, 2181138 bytes).
PDF statistics:
 1519 PDF objects out of 1728 (max. 8388607)
 1370 compressed objects within 14 object streams
 733 named destinations out of 1000 (max. 500000)
 763 words of extra memory for PDF output out of 10000 (max. 10000000)

